Build started 2/28/2014 6:48:57 PM.
     1>Project "c:\Users\rajashree\documents\visual studio 2012\Projects\assignment3\assignment3\assignment3.vcxproj" on node 2 (Build target(s)).
     1>ClCompile:
         C:\Program Files (x86)\Microsoft Visual Studio 11.0\VC\bin\CL.exe /c /ZI /nologo /W3 /WX- /sdl /Od /Oy- /D WIN32 /D _DEBUG /D _CONSOLE /D _UNICODE /D UNICODE /Gm /EHsc /RTC1 /MDd /GS /fp:precise /Zc:wchar_t /Zc:forScope /Yu"stdafx.h" /Fp"Debug\assignment3.pch" /Fo"Debug\\" /Fd"Debug\vc110.pdb" /Gd /TP /analyze- /errorReport:prompt assignment3.cpp init.cpp
         init.cpp
     1>c:\users\rajashree\documents\visual studio 2012\projects\assignment3\assignment3\init.cpp(18): warning C4305: 'argument' : truncation from 'double' to 'float'
     1>c:\users\rajashree\documents\visual studio 2012\projects\assignment3\assignment3\init.cpp(19): warning C4305: 'argument' : truncation from 'double' to 'float'
     1>c:\users\rajashree\documents\visual studio 2012\projects\assignment3\assignment3\init.cpp(20): warning C4305: 'argument' : truncation from 'double' to 'float'
         assignment3.cpp
     1>c:\users\rajashree\documents\visual studio 2012\projects\assignment3\assignment3\assignment3.cpp(176): warning C4018: '<' : signed/unsigned mismatch
     1>c:\users\rajashree\documents\visual studio 2012\projects\assignment3\assignment3\assignment3.cpp(186): warning C4018: '<' : signed/unsigned mismatch
     1>c:\users\rajashree\documents\visual studio 2012\projects\assignment3\assignment3\assignment3.cpp(231): warning C4018: '<' : signed/unsigned mismatch
         Generating Code...
       Link:
         C:\Program Files (x86)\Microsoft Visual Studio 11.0\VC\bin\link.exe /ERRORREPORT:PROMPT /OUT:"c:\users\rajashree\documents\visual studio 2012\Projects\assignment3\Debug\assignment3.exe" /INCREMENTAL /NOLOGO kernel32.lib user32.lib gdi32.lib winspool.lib comdlg32.lib advapi32.lib shell32.lib ole32.lib oleaut32.lib uuid.lib odbc32.lib odbccp32.lib /MANIFEST /MANIFESTUAC:"level='asInvoker' uiAccess='false'" /manifest:embed /DEBUG /PDB:"c:\users\rajashree\documents\visual studio 2012\Projects\assignment3\Debug\assignment3.pdb" /SUBSYSTEM:CONSOLE /TLBID:1 /DYNAMICBASE /NXCOMPAT /IMPLIB:"c:\users\rajashree\documents\visual studio 2012\Projects\assignment3\Debug\assignment3.lib" /MACHINE:X86 Debug\assignment3.obj
         Debug\init.obj
         Debug\stdafx.obj
         assignment3.vcxproj -> c:\users\rajashree\documents\visual studio 2012\Projects\assignment3\Debug\assignment3.exe
     1>Done Building Project "c:\Users\rajashree\documents\visual studio 2012\Projects\assignment3\assignment3\assignment3.vcxproj" (Build target(s)).

Build succeeded.

Time Elapsed 00:00:01.08
