Build started 3/28/2014 10:20:29 PM.
     1>Project "C:\Users\rajashree\Documents\Visual Studio 2012\Projects\ScanConvert\ScanConvert\ScanConvert.vcxproj" on node 2 (Build target(s)).
     1>ClCompile:
         C:\Program Files (x86)\Microsoft Visual Studio 11.0\VC\bin\CL.exe /c /ZI /nologo /W3 /WX- /sdl /Od /Oy- /D WIN32 /D _DEBUG /D _CONSOLE /D _UNICODE /D UNICODE /Gm /EHsc /RTC1 /MDd /GS /fp:precise /Zc:wchar_t /Zc:forScope /Yu"stdafx.h" /Fp"Debug\ScanConvert.pch" /Fo"Debug\\" /Fd"Debug\vc110.pdb" /Gd /TP /analyze- /errorReport:prompt PolygonDrawer.cpp
         PolygonDrawer.cpp
     1>c:\users\rajashree\documents\visual studio 2012\projects\scanconvert\scanconvert\polygondrawer.cpp(74): warning C4244: '=' : conversion from 'double' to 'float', possible loss of data
     1>c:\users\rajashree\documents\visual studio 2012\projects\scanconvert\scanconvert\polygondrawer.cpp(81): warning C4244: 'initializing' : conversion from 'double' to 'float', possible loss of data
     1>c:\users\rajashree\documents\visual studio 2012\projects\scanconvert\scanconvert\polygondrawer.cpp(83): warning C4244: '=' : conversion from 'double' to 'float', possible loss of data
     1>c:\users\rajashree\documents\visual studio 2012\projects\scanconvert\scanconvert\polygondrawer.cpp(91): warning C4244: 'initializing' : conversion from 'double' to 'float', possible loss of data
     1>c:\users\rajashree\documents\visual studio 2012\projects\scanconvert\scanconvert\polygondrawer.cpp(92): warning C4244: 'initializing' : conversion from 'double' to 'float', possible loss of data
     1>c:\users\rajashree\documents\visual studio 2012\projects\scanconvert\scanconvert\polygondrawer.cpp(95): warning C4244: '=' : conversion from 'double' to 'float', possible loss of data
     1>c:\users\rajashree\documents\visual studio 2012\projects\scanconvert\scanconvert\polygondrawer.cpp(96): warning C4244: '=' : conversion from 'double' to 'float', possible loss of data
     1>c:\users\rajashree\documents\visual studio 2012\projects\scanconvert\scanconvert\polygondrawer.cpp(97): warning C4244: '=' : conversion from 'double' to 'float', possible loss of data
     1>c:\users\rajashree\documents\visual studio 2012\projects\scanconvert\scanconvert\polygondrawer.cpp(235): warning C4244: 'argument' : conversion from 'double' to 'float', possible loss of data
     1>c:\users\rajashree\documents\visual studio 2012\projects\scanconvert\scanconvert\polygondrawer.cpp(241): warning C4244: 'argument' : conversion from 'double' to 'float', possible loss of data
     1>c:\users\rajashree\documents\visual studio 2012\projects\scanconvert\scanconvert\polygondrawer.cpp(250): warning C4244: 'argument' : conversion from 'double' to 'float', possible loss of data
       Link:
         C:\Program Files (x86)\Microsoft Visual Studio 11.0\VC\bin\link.exe /ERRORREPORT:PROMPT /OUT:"C:\Users\rajashree\Documents\Visual Studio 2012\Projects\ScanConvert\Debug\ScanConvert.exe" /INCREMENTAL /NOLOGO kernel32.lib user32.lib gdi32.lib winspool.lib comdlg32.lib advapi32.lib shell32.lib ole32.lib oleaut32.lib uuid.lib odbc32.lib odbccp32.lib /MANIFEST /MANIFESTUAC:"level='asInvoker' uiAccess='false'" /manifest:embed /DEBUG /PDB:"C:\Users\rajashree\Documents\Visual Studio 2012\Projects\ScanConvert\Debug\ScanConvert.pdb" /SUBSYSTEM:CONSOLE /TLBID:1 /DYNAMICBASE /NXCOMPAT /IMPLIB:"C:\Users\rajashree\Documents\Visual Studio 2012\Projects\ScanConvert\Debug\ScanConvert.lib" /MACHINE:X86 Debug\PolygonDrawer.obj
         Debug\ScanConvert.obj
         Debug\stdafx.obj
         ScanConvert.vcxproj -> C:\Users\rajashree\Documents\Visual Studio 2012\Projects\ScanConvert\Debug\ScanConvert.exe
     1>Done Building Project "C:\Users\rajashree\Documents\Visual Studio 2012\Projects\ScanConvert\ScanConvert\ScanConvert.vcxproj" (Build target(s)).

Build succeeded.

Time Elapsed 00:00:00.83
