Build started 4/11/2014 10:39:37 PM.
     1>Project "C:\Users\rajashree\Documents\Visual Studio 2012\Projects\CGass5-223001584\CGass5-223001584\CGass5-223001584.vcxproj" on node 2 (Build target(s)).
     1>ClCompile:
         C:\Program Files (x86)\Microsoft Visual Studio 11.0\VC\bin\CL.exe /c /ZI /nologo /W3 /WX- /sdl /Od /Oy- /D WIN32 /D _DEBUG /D _CONSOLE /D _UNICODE /D UNICODE /Gm /EHsc /RTC1 /MDd /GS /fp:precise /Zc:wchar_t /Zc:forScope /Yu"stdafx.h" /Fp"Debug\CGass5-223001584.pch" /Fo"Debug\\" /Fd"Debug\vc110.pdb" /Gd /TP /analyze- /errorReport:prompt "CGass5-223001584.cpp"
         CGass5-223001584.cpp
     1>c:\users\rajashree\documents\visual studio 2012\projects\cgass5-223001584\cgass5-223001584\shapes.h(149): warning C4244: 'argument' : conversion from 'double' to 'float', possible loss of data
     1>c:\users\rajashree\documents\visual studio 2012\projects\cgass5-223001584\cgass5-223001584\shapes.h(209): warning C4244: 'argument' : conversion from 'double' to 'float', possible loss of data
     1>c:\users\rajashree\documents\visual studio 2012\projects\cgass5-223001584\cgass5-223001584\shapes.h(274): warning C4244: 'initializing' : conversion from 'double' to 'float', possible loss of data
     1>c:\users\rajashree\documents\visual studio 2012\projects\cgass5-223001584\cgass5-223001584\shapes.h(283): warning C4305: 'initializing' : truncation from 'double' to 'float'
     1>c:\users\rajashree\documents\visual studio 2012\projects\cgass5-223001584\cgass5-223001584\shapes.h(303): warning C4244: 'argument' : conversion from 'double' to 'float', possible loss of data
     1>c:\users\rajashree\documents\visual studio 2012\projects\cgass5-223001584\cgass5-223001584\shapes.h(362): warning C4244: 'initializing' : conversion from 'double' to 'float', possible loss of data
     1>c:\users\rajashree\documents\visual studio 2012\projects\cgass5-223001584\cgass5-223001584\shapes.h(363): warning C4244: 'initializing' : conversion from 'double' to 'float', possible loss of data
     1>c:\users\rajashree\documents\visual studio 2012\projects\cgass5-223001584\cgass5-223001584\shapes.h(364): warning C4244: 'initializing' : conversion from 'double' to 'float', possible loss of data
     1>c:\users\rajashree\documents\visual studio 2012\projects\cgass5-223001584\cgass5-223001584\shapes.h(366): warning C4244: 'initializing' : conversion from 'double' to 'float', possible loss of data
     1>c:\users\rajashree\documents\visual studio 2012\projects\cgass5-223001584\cgass5-223001584\shapes.h(375): warning C4305: 'initializing' : truncation from 'double' to 'float'
     1>c:\users\rajashree\documents\visual studio 2012\projects\cgass5-223001584\cgass5-223001584\shapes.h(395): warning C4244: 'argument' : conversion from 'double' to 'float', possible loss of data
     1>c:\users\rajashree\documents\visual studio 2012\projects\cgass5-223001584\cgass5-223001584\cgass5-223001584.cpp(155): warning C4018: '<' : signed/unsigned mismatch
     1>c:\users\rajashree\documents\visual studio 2012\projects\cgass5-223001584\cgass5-223001584\cgass5-223001584.cpp(173): warning C4018: '<' : signed/unsigned mismatch
     1>c:\users\rajashree\documents\visual studio 2012\projects\cgass5-223001584\cgass5-223001584\cgass5-223001584.cpp(206): warning C4018: '<' : signed/unsigned mismatch
     1>c:\users\rajashree\documents\visual studio 2012\projects\cgass5-223001584\cgass5-223001584\cgass5-223001584.cpp(453): warning C4018: '<' : signed/unsigned mismatch
     1>c:\users\rajashree\documents\visual studio 2012\projects\cgass5-223001584\cgass5-223001584\cgass5-223001584.cpp(473): warning C4018: '<' : signed/unsigned mismatch
     1>c:\users\rajashree\documents\visual studio 2012\projects\cgass5-223001584\cgass5-223001584\cgass5-223001584.cpp(320): warning C4715: 'rayTracer' : not all control paths return a value
       Link:
         C:\Program Files (x86)\Microsoft Visual Studio 11.0\VC\bin\link.exe /ERRORREPORT:PROMPT /OUT:"C:\Users\rajashree\Documents\Visual Studio 2012\Projects\CGass5-223001584\Debug\CGass5-223001584.exe" /INCREMENTAL /NOLOGO kernel32.lib user32.lib gdi32.lib winspool.lib comdlg32.lib advapi32.lib shell32.lib ole32.lib oleaut32.lib uuid.lib odbc32.lib odbccp32.lib /MANIFEST /MANIFESTUAC:"level='asInvoker' uiAccess='false'" /manifest:embed /DEBUG /PDB:"C:\Users\rajashree\Documents\Visual Studio 2012\Projects\CGass5-223001584\Debug\CGass5-223001584.pdb" /SUBSYSTEM:CONSOLE /TLBID:1 /DYNAMICBASE /NXCOMPAT /IMPLIB:"C:\Users\rajashree\Documents\Visual Studio 2012\Projects\CGass5-223001584\Debug\CGass5-223001584.lib" /MACHINE:X86 "Debug\CGass5-223001584.obj"
         Debug\stdafx.obj
         Debug\vectors.obj
         CGass5-223001584.vcxproj -> C:\Users\rajashree\Documents\Visual Studio 2012\Projects\CGass5-223001584\Debug\CGass5-223001584.exe
     1>Done Building Project "C:\Users\rajashree\Documents\Visual Studio 2012\Projects\CGass5-223001584\CGass5-223001584\CGass5-223001584.vcxproj" (Build target(s)).

Build succeeded.

Time Elapsed 00:00:01.48
